<?xml version="1.0" encoding="UTF-8"?>
<!-- Generated by org.testng.reporters.JUnitXMLReporter -->
<testsuite ignored="0" hostname="DESKTOP-G3JJQCP" failures="0" tests="10" name="Default test" time="24.827" errors="0" timestamp="2024-12-31T18:54:16 IST">
  <testcase classname="com.APITest.TelecomApi" name="testAddUser" time="8.689"/>
  <testcase classname="com.APITest.TelecomApi" name="testGetUserProfile" time="1.397"/>
  <testcase classname="com.APITest.TelecomApi" name="testUpdateUser" time="1.431"/>
  <testcase classname="com.APITest.TelecomApi" name="testLoginUser" time="1.547"/>
  <testcase classname="com.APITest.TelecomApi" name="testAddContact" time="1.443"/>
  <testcase classname="com.APITest.TelecomApi" name="testGetContactList" time="1.393"/>
  <testcase classname="com.APITest.TelecomApi" name="testGetContactById" time="1.358"/>
  <testcase classname="com.APITest.TelecomApi" name="testUpdateContact" time="1.495"/>
  <testcase classname="com.APITest.TelecomApi" name="testUpdatePartialContact" time="1.402"/>
  <testcase classname="com.APITest.TelecomApi" name="testLogoutUser" time="1.366"/>
</testsuite> <!-- Default test -->
